app/build/intermediates/manifest_merge_blame_file/debug/manifest-merger-blame-debug-report.txt
1<?xml version="1.0" encoding="utf-8"?>
2<manifest xmlns:android="http://schemas.android.com/apk/res/android"
3    package="com.securetrack"
4    android:versionCode="11"
5    android:versionName="1.3.3" >
6
7    <uses-sdk
8        android:minSdkVersion="29"
9        android:targetSdkVersion="34" />
10
11    <!-- SMS Permissions -->
12    <uses-permission android:name="android.permission.RECEIVE_SMS" />
12-->src\main\AndroidManifest.xml:6:5-70
12-->src\main\AndroidManifest.xml:6:22-67
13    <uses-permission android:name="android.permission.SEND_SMS" />
13-->src\main\AndroidManifest.xml:7:5-67
13-->src\main\AndroidManifest.xml:7:22-64
14    <uses-permission android:name="android.permission.READ_SMS" />
14-->src\main\AndroidManifest.xml:8:5-67
14-->src\main\AndroidManifest.xml:8:22-64
15
16    <!-- Location Permissions -->
17    <uses-permission android:name="android.permission.ACCESS_FINE_LOCATION" />
17-->src\main\AndroidManifest.xml:11:5-79
17-->src\main\AndroidManifest.xml:11:22-76
18    <uses-permission android:name="android.permission.ACCESS_COARSE_LOCATION" />
18-->src\main\AndroidManifest.xml:12:5-81
18-->src\main\AndroidManifest.xml:12:22-78
19    <uses-permission android:name="android.permission.ACCESS_BACKGROUND_LOCATION" />
19-->src\main\AndroidManifest.xml:13:5-85
19-->src\main\AndroidManifest.xml:13:22-82
20
21    <!-- Phone Permissions -->
22    <uses-permission android:name="android.permission.READ_PHONE_STATE" />
22-->src\main\AndroidManifest.xml:16:5-75
22-->src\main\AndroidManifest.xml:16:22-72
23    <uses-permission android:name="android.permission.CALL_PHONE" />
23-->src\main\AndroidManifest.xml:17:5-69
23-->src\main\AndroidManifest.xml:17:22-66
24
25    <!-- Service Permissions -->
26    <uses-permission android:name="android.permission.FOREGROUND_SERVICE" />
26-->src\main\AndroidManifest.xml:20:5-77
26-->src\main\AndroidManifest.xml:20:22-74
27    <uses-permission android:name="android.permission.FOREGROUND_SERVICE_LOCATION" />
27-->src\main\AndroidManifest.xml:21:5-86
27-->src\main\AndroidManifest.xml:21:22-83
28    <uses-permission android:name="android.permission.FOREGROUND_SERVICE_CAMERA" />
28-->src\main\AndroidManifest.xml:22:5-84
28-->src\main\AndroidManifest.xml:22:22-81
29    <uses-permission android:name="android.permission.FOREGROUND_SERVICE_SPECIAL_USE" />
29-->src\main\AndroidManifest.xml:23:5-89
29-->src\main\AndroidManifest.xml:23:22-86
30    <uses-permission android:name="android.permission.RECEIVE_BOOT_COMPLETED" />
30-->src\main\AndroidManifest.xml:24:5-81
30-->src\main\AndroidManifest.xml:24:22-78
31    <uses-permission android:name="android.permission.WAKE_LOCK" />
31-->src\main\AndroidManifest.xml:25:5-68
31-->src\main\AndroidManifest.xml:25:22-65
32
33    <!-- Audio/Siren Permissions -->
34    <uses-permission android:name="android.permission.ACCESS_NOTIFICATION_POLICY" />
34-->src\main\AndroidManifest.xml:28:5-85
34-->src\main\AndroidManifest.xml:28:22-82
35    <uses-permission android:name="android.permission.MODIFY_AUDIO_SETTINGS" />
35-->src\main\AndroidManifest.xml:29:5-80
35-->src\main\AndroidManifest.xml:29:22-77
36
37    <!-- System Permissions -->
38    <uses-permission android:name="android.permission.SYSTEM_ALERT_WINDOW" />
38-->src\main\AndroidManifest.xml:32:5-78
38-->src\main\AndroidManifest.xml:32:22-75
39    <uses-permission android:name="android.permission.EXPAND_STATUS_BAR" />
39-->src\main\AndroidManifest.xml:33:5-76
39-->src\main\AndroidManifest.xml:33:22-73
40    <uses-permission android:name="android.permission.WRITE_SETTINGS" />
40-->src\main\AndroidManifest.xml:34:5-109
40-->src\main\AndroidManifest.xml:34:22-70
41
42    <!-- Vibration -->
43    <uses-permission android:name="android.permission.VIBRATE" />
43-->src\main\AndroidManifest.xml:37:5-66
43-->src\main\AndroidManifest.xml:37:22-63
44    <uses-permission android:name="android.permission.CAMERA" />
44-->src\main\AndroidManifest.xml:38:5-65
44-->src\main\AndroidManifest.xml:38:22-62
45
46    <!-- Network Permissions -->
47    <uses-permission android:name="android.permission.INTERNET" />
47-->src\main\AndroidManifest.xml:41:5-67
47-->src\main\AndroidManifest.xml:41:22-64
48    <uses-permission android:name="android.permission.ACCESS_NETWORK_STATE" />
48-->src\main\AndroidManifest.xml:42:5-79
48-->src\main\AndroidManifest.xml:42:22-76
49    <uses-permission android:name="android.permission.REQUEST_INSTALL_PACKAGES" />
49-->src\main\AndroidManifest.xml:43:5-83
49-->src\main\AndroidManifest.xml:43:22-80
50
51    <uses-feature
51-->src\main\AndroidManifest.xml:44:5-84
52        android:name="android.hardware.camera"
52-->src\main\AndroidManifest.xml:44:19-57
53        android:required="true" />
53-->src\main\AndroidManifest.xml:44:58-81
54    <uses-feature
54-->src\main\AndroidManifest.xml:45:5-90
55        android:name="android.hardware.camera.front"
55-->src\main\AndroidManifest.xml:45:19-63
56        android:required="true" />
56-->src\main\AndroidManifest.xml:45:64-87
57
58    <permission
58-->[androidx.core:core:1.12.0] AndroidManifest.xml:22:5-24:47
59        android:name="com.securetrack.DYNAMIC_RECEIVER_NOT_EXPORTED_PERMISSION"
59-->[androidx.core:core:1.12.0] AndroidManifest.xml:23:9-81
60        android:protectionLevel="signature" />
60-->[androidx.core:core:1.12.0] AndroidManifest.xml:24:9-44
61
62    <uses-permission android:name="com.securetrack.DYNAMIC_RECEIVER_NOT_EXPORTED_PERMISSION" />
62-->[androidx.core:core:1.12.0] AndroidManifest.xml:26:5-97
62-->[androidx.core:core:1.12.0] AndroidManifest.xml:26:22-94
63
64    <application
64-->src\main\AndroidManifest.xml:47:5-218:19
65        android:name="com.securetrack.SecureTrackApp"
65-->src\main\AndroidManifest.xml:48:9-39
66        android:allowBackup="false"
66-->src\main\AndroidManifest.xml:49:9-36
67        android:appComponentFactory="androidx.core.app.CoreComponentFactory"
67-->[androidx.core:core:1.12.0] AndroidManifest.xml:28:18-86
68        android:debuggable="true"
69        android:extractNativeLibs="false"
70        android:icon="@mipmap/ic_launcher"
70-->src\main\AndroidManifest.xml:50:9-43
71        android:label="@string/app_name"
71-->src\main\AndroidManifest.xml:51:9-41
72        android:roundIcon="@mipmap/ic_launcher_round"
72-->src\main\AndroidManifest.xml:52:9-54
73        android:supportsRtl="true"
73-->src\main\AndroidManifest.xml:53:9-35
74        android:theme="@style/Theme.SecureTrack" >
74-->src\main\AndroidManifest.xml:54:9-49
75
76        <!-- Main Activity -->
77        <activity
77-->src\main\AndroidManifest.xml:58:9-66:20
78            android:name="com.securetrack.ui.MainActivity"
78-->src\main\AndroidManifest.xml:59:13-44
79            android:exported="true"
79-->src\main\AndroidManifest.xml:60:13-36
80            android:theme="@style/Theme.SecureTrack" >
80-->src\main\AndroidManifest.xml:61:13-53
81            <intent-filter>
81-->src\main\AndroidManifest.xml:62:13-65:29
82                <action android:name="android.intent.action.MAIN" />
82-->src\main\AndroidManifest.xml:63:17-69
82-->src\main\AndroidManifest.xml:63:25-66
83
84                <category android:name="android.intent.category.LAUNCHER" />
84-->src\main\AndroidManifest.xml:64:17-77
84-->src\main\AndroidManifest.xml:64:27-74
85            </intent-filter>
86        </activity>
87
88        <!-- Setup Wizard -->
89        <activity
89-->src\main\AndroidManifest.xml:69:9-72:56
90            android:name="com.securetrack.ui.SetupWizardActivity"
90-->src\main\AndroidManifest.xml:70:13-51
91            android:exported="false"
91-->src\main\AndroidManifest.xml:71:13-37
92            android:theme="@style/Theme.SecureTrack" />
92-->src\main\AndroidManifest.xml:72:13-53
93
94        <!-- Contacts Activity -->
95        <activity
95-->src\main\AndroidManifest.xml:75:9-78:56
96            android:name="com.securetrack.ui.ContactsActivity"
96-->src\main\AndroidManifest.xml:76:13-48
97            android:exported="false"
97-->src\main\AndroidManifest.xml:77:13-37
98            android:theme="@style/Theme.SecureTrack" />
98-->src\main\AndroidManifest.xml:78:13-53
99
100        <!-- Settings Activity -->
101        <activity
101-->src\main\AndroidManifest.xml:81:9-84:56
102            android:name="com.securetrack.ui.SettingsActivity"
102-->src\main\AndroidManifest.xml:82:13-48
103            android:exported="false"
103-->src\main\AndroidManifest.xml:83:13-37
104            android:theme="@style/Theme.SecureTrack" />
104-->src\main\AndroidManifest.xml:84:13-53
105
106        <!-- Logs Activity -->
107        <activity
107-->src\main\AndroidManifest.xml:87:9-90:56
108            android:name="com.securetrack.ui.LogsActivity"
108-->src\main\AndroidManifest.xml:88:13-44
109            android:exported="false"
109-->src\main\AndroidManifest.xml:89:13-37
110            android:theme="@style/Theme.SecureTrack" />
110-->src\main\AndroidManifest.xml:90:13-53
111
112        <!-- Fake Shutdown Activity -->
113        <activity
113-->src\main\AndroidManifest.xml:93:9-99:40
114            android:name="com.securetrack.ui.FakeShutdownActivity"
114-->src\main\AndroidManifest.xml:94:13-52
115            android:excludeFromRecents="true"
115-->src\main\AndroidManifest.xml:95:13-46
116            android:exported="false"
116-->src\main\AndroidManifest.xml:99:13-37
117            android:launchMode="singleTop"
117-->src\main\AndroidManifest.xml:96:13-43
118            android:screenOrientation="portrait"
118-->src\main\AndroidManifest.xml:97:13-49
119            android:theme="@style/Theme.AppCompat.NoActionBar" />
119-->src\main\AndroidManifest.xml:98:13-63
120
121        <!-- SMS Receiver - High Priority -->
122        <receiver
122-->src\main\AndroidManifest.xml:102:9-110:20
123            android:name="com.securetrack.receivers.SmsReceiver"
123-->src\main\AndroidManifest.xml:103:13-50
124            android:enabled="true"
124-->src\main\AndroidManifest.xml:104:13-35
125            android:exported="true"
125-->src\main\AndroidManifest.xml:105:13-36
126            android:permission="android.permission.BROADCAST_SMS" >
126-->src\main\AndroidManifest.xml:106:13-66
127            <intent-filter android:priority="999" >
127-->src\main\AndroidManifest.xml:107:13-109:29
127-->src\main\AndroidManifest.xml:107:28-50
128                <action android:name="android.provider.Telephony.SMS_RECEIVED" />
128-->src\main\AndroidManifest.xml:108:17-82
128-->src\main\AndroidManifest.xml:108:25-79
129            </intent-filter>
130        </receiver>
131
132        <!-- Boot Receiver -->
133        <receiver
133-->src\main\AndroidManifest.xml:113:9-122:20
134            android:name="com.securetrack.receivers.BootReceiver"
134-->src\main\AndroidManifest.xml:114:13-51
135            android:enabled="true"
135-->src\main\AndroidManifest.xml:115:13-35
136            android:exported="true" >
136-->src\main\AndroidManifest.xml:116:13-36
137            <intent-filter>
137-->src\main\AndroidManifest.xml:117:13-121:29
138                <action android:name="android.intent.action.BOOT_COMPLETED" />
138-->src\main\AndroidManifest.xml:118:17-79
138-->src\main\AndroidManifest.xml:118:25-76
139                <action android:name="android.intent.action.QUICKBOOT_POWERON" />
139-->src\main\AndroidManifest.xml:119:17-82
139-->src\main\AndroidManifest.xml:119:25-79
140                <action android:name="android.intent.action.LOCKED_BOOT_COMPLETED" />
140-->src\main\AndroidManifest.xml:120:17-86
140-->src\main\AndroidManifest.xml:120:25-83
141            </intent-filter>
142        </receiver>
143
144        <!-- SIM Change Receiver -->
145        <receiver
145-->src\main\AndroidManifest.xml:125:9-132:20
146            android:name="com.securetrack.receivers.SimChangeReceiver"
146-->src\main\AndroidManifest.xml:126:13-56
147            android:enabled="true"
147-->src\main\AndroidManifest.xml:127:13-35
148            android:exported="true" >
148-->src\main\AndroidManifest.xml:128:13-36
149            <intent-filter>
149-->src\main\AndroidManifest.xml:129:13-131:29
150                <action android:name="android.intent.action.SIM_STATE_CHANGED" />
150-->src\main\AndroidManifest.xml:130:17-82
150-->src\main\AndroidManifest.xml:130:25-79
151            </intent-filter>
152        </receiver>
153
154        <!-- Airplane Mode Receiver -->
155        <receiver
155-->src\main\AndroidManifest.xml:135:9-142:20
156            android:name="com.securetrack.receivers.AirplaneModeReceiver"
156-->src\main\AndroidManifest.xml:136:13-59
157            android:enabled="true"
157-->src\main\AndroidManifest.xml:137:13-35
158            android:exported="true" >
158-->src\main\AndroidManifest.xml:138:13-36
159            <intent-filter>
159-->src\main\AndroidManifest.xml:139:13-141:29
160                <action android:name="android.intent.action.AIRPLANE_MODE" />
160-->src\main\AndroidManifest.xml:140:17-78
160-->src\main\AndroidManifest.xml:140:25-75
161            </intent-filter>
162        </receiver>
163
164        <!-- Device Administrator -->
165        <receiver
165-->src\main\AndroidManifest.xml:145:9-157:20
166            android:name="com.securetrack.admin.SecureTrackDeviceAdmin"
166-->src\main\AndroidManifest.xml:146:13-57
167            android:exported="true"
167-->src\main\AndroidManifest.xml:147:13-36
168            android:permission="android.permission.BIND_DEVICE_ADMIN" >
168-->src\main\AndroidManifest.xml:148:13-70
169            <meta-data
169-->src\main\AndroidManifest.xml:149:13-151:65
170                android:name="android.app.device_admin"
170-->src\main\AndroidManifest.xml:150:17-56
171                android:resource="@xml/device_admin_policies" />
171-->src\main\AndroidManifest.xml:151:17-62
172
173            <intent-filter>
173-->src\main\AndroidManifest.xml:152:13-156:29
174                <action android:name="android.app.action.DEVICE_ADMIN_ENABLED" />
174-->src\main\AndroidManifest.xml:153:17-82
174-->src\main\AndroidManifest.xml:153:25-79
175                <action android:name="android.app.action.DEVICE_ADMIN_DISABLED" />
175-->src\main\AndroidManifest.xml:154:17-83
175-->src\main\AndroidManifest.xml:154:25-80
176                <action android:name="android.app.action.DEVICE_ADMIN_DISABLE_REQUESTED" />
176-->src\main\AndroidManifest.xml:155:17-92
176-->src\main\AndroidManifest.xml:155:25-89
177            </intent-filter>
178        </receiver>
179
180        <!-- Core Protection Foreground Service -->
181        <service
181-->src\main\AndroidManifest.xml:160:9-168:19
182            android:name="com.securetrack.services.CoreProtectionService"
182-->src\main\AndroidManifest.xml:161:13-59
183            android:enabled="true"
183-->src\main\AndroidManifest.xml:162:13-35
184            android:exported="false"
184-->src\main\AndroidManifest.xml:163:13-37
185            android:foregroundServiceType="specialUse|camera" >
185-->src\main\AndroidManifest.xml:164:13-62
186            <property
186-->src\main\AndroidManifest.xml:165:13-167:57
187                android:name="android.app.PROPERTY_SPECIAL_USE_FGS_SUBTYPE"
187-->src\main\AndroidManifest.xml:166:17-76
188                android:value="anti-theft protection" />
188-->src\main\AndroidManifest.xml:167:17-54
189        </service>
190
191        <!-- Location Service -->
192        <service
192-->src\main\AndroidManifest.xml:171:9-175:56
193            android:name="com.securetrack.services.LocationService"
193-->src\main\AndroidManifest.xml:172:13-53
194            android:enabled="true"
194-->src\main\AndroidManifest.xml:173:13-35
195            android:exported="false"
195-->src\main\AndroidManifest.xml:174:13-37
196            android:foregroundServiceType="location" />
196-->src\main\AndroidManifest.xml:175:13-53
197
198        <!-- Siren Service -->
199        <service
199-->src\main\AndroidManifest.xml:178:9-186:19
200            android:name="com.securetrack.services.SirenService"
200-->src\main\AndroidManifest.xml:179:13-50
201            android:enabled="true"
201-->src\main\AndroidManifest.xml:180:13-35
202            android:exported="false"
202-->src\main\AndroidManifest.xml:181:13-37
203            android:foregroundServiceType="specialUse" >
203-->src\main\AndroidManifest.xml:182:13-55
204            <property
204-->src\main\AndroidManifest.xml:165:13-167:57
205                android:name="android.app.PROPERTY_SPECIAL_USE_FGS_SUBTYPE"
205-->src\main\AndroidManifest.xml:166:17-76
206                android:value="emergency alarm" />
206-->src\main\AndroidManifest.xml:167:17-54
207        </service>
208
209        <!-- Call Service -->
210        <service
210-->src\main\AndroidManifest.xml:189:9-192:40
211            android:name="com.securetrack.services.CallService"
211-->src\main\AndroidManifest.xml:190:13-49
212            android:enabled="true"
212-->src\main\AndroidManifest.xml:191:13-35
213            android:exported="false" />
213-->src\main\AndroidManifest.xml:192:13-37
214
215        <!-- Status Bar Blocker Accessibility Service -->
216        <service
216-->src\main\AndroidManifest.xml:195:9-205:19
217            android:name="com.securetrack.services.StatusBarBlockerService"
217-->src\main\AndroidManifest.xml:196:13-61
218            android:exported="true"
218-->src\main\AndroidManifest.xml:197:13-36
219            android:permission="android.permission.BIND_ACCESSIBILITY_SERVICE" >
219-->src\main\AndroidManifest.xml:198:13-79
220            <intent-filter>
220-->src\main\AndroidManifest.xml:199:13-201:29
221                <action android:name="android.accessibilityservice.AccessibilityService" />
221-->src\main\AndroidManifest.xml:200:17-92
221-->src\main\AndroidManifest.xml:200:25-89
222            </intent-filter>
223
224            <meta-data
224-->src\main\AndroidManifest.xml:202:13-204:72
225                android:name="android.accessibilityservice"
225-->src\main\AndroidManifest.xml:203:17-60
226                android:resource="@xml/accessibility_service_config" />
226-->src\main\AndroidManifest.xml:204:17-69
227        </service>
228
229        <!-- FileProvider for APK Sharing -->
230        <provider
231            android:name="androidx.core.content.FileProvider"
231-->src\main\AndroidManifest.xml:209:13-62
232            android:authorities="com.securetrack.provider"
232-->src\main\AndroidManifest.xml:210:13-60
233            android:exported="false"
233-->src\main\AndroidManifest.xml:211:13-37
234            android:grantUriPermissions="true" >
234-->src\main\AndroidManifest.xml:212:13-47
235            <meta-data
235-->src\main\AndroidManifest.xml:213:13-215:58
236                android:name="android.support.FILE_PROVIDER_PATHS"
236-->src\main\AndroidManifest.xml:214:17-67
237                android:resource="@xml/provider_paths" />
237-->src\main\AndroidManifest.xml:215:17-55
238        </provider>
239
240        <service
240-->[androidx.camera:camera-camera2:1.3.0] AndroidManifest.xml:24:9-33:19
241            android:name="androidx.camera.core.impl.MetadataHolderService"
241-->[androidx.camera:camera-camera2:1.3.0] AndroidManifest.xml:25:13-75
242            android:enabled="false"
242-->[androidx.camera:camera-camera2:1.3.0] AndroidManifest.xml:26:13-36
243            android:exported="false" >
243-->[androidx.camera:camera-camera2:1.3.0] AndroidManifest.xml:27:13-37
244            <meta-data
244-->[androidx.camera:camera-camera2:1.3.0] AndroidManifest.xml:30:13-32:89
245                android:name="androidx.camera.core.impl.MetadataHolderService.DEFAULT_CONFIG_PROVIDER"
245-->[androidx.camera:camera-camera2:1.3.0] AndroidManifest.xml:31:17-103
246                android:value="androidx.camera.camera2.Camera2Config$DefaultProvider" />
246-->[androidx.camera:camera-camera2:1.3.0] AndroidManifest.xml:32:17-86
247        </service>
248
249        <activity
249-->[com.google.android.gms:play-services-base:18.1.0] AndroidManifest.xml:20:9-22:45
250            android:name="com.google.android.gms.common.api.GoogleApiActivity"
250-->[com.google.android.gms:play-services-base:18.1.0] AndroidManifest.xml:20:19-85
251            android:exported="false"
251-->[com.google.android.gms:play-services-base:18.1.0] AndroidManifest.xml:22:19-43
252            android:theme="@android:style/Theme.Translucent.NoTitleBar" />
252-->[com.google.android.gms:play-services-base:18.1.0] AndroidManifest.xml:21:19-78
253
254        <meta-data
254-->[com.google.android.gms:play-services-basement:18.1.0] AndroidManifest.xml:21:9-23:69
255            android:name="com.google.android.gms.version"
255-->[com.google.android.gms:play-services-basement:18.1.0] AndroidManifest.xml:22:13-58
256            android:value="@integer/google_play_services_version" />
256-->[com.google.android.gms:play-services-basement:18.1.0] AndroidManifest.xml:23:13-66
257
258        <provider
258-->[androidx.emoji2:emoji2:1.2.0] AndroidManifest.xml:24:9-32:20
259            android:name="androidx.startup.InitializationProvider"
259-->[androidx.emoji2:emoji2:1.2.0] AndroidManifest.xml:25:13-67
260            android:authorities="com.securetrack.androidx-startup"
260-->[androidx.emoji2:emoji2:1.2.0] AndroidManifest.xml:26:13-68
261            android:exported="false" >
261-->[androidx.emoji2:emoji2:1.2.0] AndroidManifest.xml:27:13-37
262            <meta-data
262-->[androidx.emoji2:emoji2:1.2.0] AndroidManifest.xml:29:13-31:52
263                android:name="androidx.emoji2.text.EmojiCompatInitializer"
263-->[androidx.emoji2:emoji2:1.2.0] AndroidManifest.xml:30:17-75
264                android:value="androidx.startup" />
264-->[androidx.emoji2:emoji2:1.2.0] AndroidManifest.xml:31:17-49
265            <meta-data
265-->[androidx.work:work-runtime:2.9.0] AndroidManifest.xml:34:13-36:52
266                android:name="androidx.work.WorkManagerInitializer"
266-->[androidx.work:work-runtime:2.9.0] AndroidManifest.xml:35:17-68
267                android:value="androidx.startup" />
267-->[androidx.work:work-runtime:2.9.0] AndroidManifest.xml:36:17-49
268            <meta-data
268-->[androidx.lifecycle:lifecycle-process:2.7.0] AndroidManifest.xml:29:13-31:52
269                android:name="androidx.lifecycle.ProcessLifecycleInitializer"
269-->[androidx.lifecycle:lifecycle-process:2.7.0] AndroidManifest.xml:30:17-78
270                android:value="androidx.startup" />
270-->[androidx.lifecycle:lifecycle-process:2.7.0] AndroidManifest.xml:31:17-49
271            <meta-data
271-->[androidx.profileinstaller:profileinstaller:1.3.0] AndroidManifest.xml:29:13-31:52
272                android:name="androidx.profileinstaller.ProfileInstallerInitializer"
272-->[androidx.profileinstaller:profileinstaller:1.3.0] AndroidManifest.xml:30:17-85
273                android:value="androidx.startup" />
273-->[androidx.profileinstaller:profileinstaller:1.3.0] AndroidManifest.xml:31:17-49
274        </provider>
275
276        <service
276-->[androidx.work:work-runtime:2.9.0] AndroidManifest.xml:39:9-45:35
277            android:name="androidx.work.impl.background.systemalarm.SystemAlarmService"
277-->[androidx.work:work-runtime:2.9.0] AndroidManifest.xml:40:13-88
278            android:directBootAware="false"
278-->[androidx.work:work-runtime:2.9.0] AndroidManifest.xml:41:13-44
279            android:enabled="@bool/enable_system_alarm_service_default"
279-->[androidx.work:work-runtime:2.9.0] AndroidManifest.xml:42:13-72
280            android:exported="false" />
280-->[androidx.work:work-runtime:2.9.0] AndroidManifest.xml:43:13-37
281        <service
281-->[androidx.work:work-runtime:2.9.0] AndroidManifest.xml:46:9-52:35
282            android:name="androidx.work.impl.background.systemjob.SystemJobService"
282-->[androidx.work:work-runtime:2.9.0] AndroidManifest.xml:47:13-84
283            android:directBootAware="false"
283-->[androidx.work:work-runtime:2.9.0] AndroidManifest.xml:48:13-44
284            android:enabled="@bool/enable_system_job_service_default"
284-->[androidx.work:work-runtime:2.9.0] AndroidManifest.xml:49:13-70
285            android:exported="true"
285-->[androidx.work:work-runtime:2.9.0] AndroidManifest.xml:50:13-36
286            android:permission="android.permission.BIND_JOB_SERVICE" />
286-->[androidx.work:work-runtime:2.9.0] AndroidManifest.xml:51:13-69
287        <service
287-->[androidx.work:work-runtime:2.9.0] AndroidManifest.xml:53:9-59:35
288            android:name="androidx.work.impl.foreground.SystemForegroundService"
288-->[androidx.work:work-runtime:2.9.0] AndroidManifest.xml:54:13-81
289            android:directBootAware="false"
289-->[androidx.work:work-runtime:2.9.0] AndroidManifest.xml:55:13-44
290            android:enabled="@bool/enable_system_foreground_service_default"
290-->[androidx.work:work-runtime:2.9.0] AndroidManifest.xml:56:13-77
291            android:exported="false" />
291-->[androidx.work:work-runtime:2.9.0] AndroidManifest.xml:57:13-37
292
293        <receiver
293-->[androidx.work:work-runtime:2.9.0] AndroidManifest.xml:61:9-66:35
294            android:name="androidx.work.impl.utils.ForceStopRunnable$BroadcastReceiver"
294-->[androidx.work:work-runtime:2.9.0] AndroidManifest.xml:62:13-88
295            android:directBootAware="false"
295-->[androidx.work:work-runtime:2.9.0] AndroidManifest.xml:63:13-44
296            android:enabled="true"
296-->[androidx.work:work-runtime:2.9.0] AndroidManifest.xml:64:13-35
297            android:exported="false" />
297-->[androidx.work:work-runtime:2.9.0] AndroidManifest.xml:65:13-37
298        <receiver
298-->[androidx.work:work-runtime:2.9.0] AndroidManifest.xml:67:9-77:20
299            android:name="androidx.work.impl.background.systemalarm.ConstraintProxy$BatteryChargingProxy"
299-->[androidx.work:work-runtime:2.9.0] AndroidManifest.xml:68:13-106
300            android:directBootAware="false"
300-->[androidx.work:work-runtime:2.9.0] AndroidManifest.xml:69:13-44
301            android:enabled="false"
301-->[androidx.work:work-runtime:2.9.0] AndroidManifest.xml:70:13-36
302            android:exported="false" >
302-->[androidx.work:work-runtime:2.9.0] AndroidManifest.xml:71:13-37
303            <intent-filter>
303-->[androidx.work:work-runtime:2.9.0] AndroidManifest.xml:73:13-76:29
304                <action android:name="android.intent.action.ACTION_POWER_CONNECTED" />
304-->[androidx.work:work-runtime:2.9.0] AndroidManifest.xml:74:17-87
304-->[androidx.work:work-runtime:2.9.0] AndroidManifest.xml:74:25-84
305                <action android:name="android.intent.action.ACTION_POWER_DISCONNECTED" />
305-->[androidx.work:work-runtime:2.9.0] AndroidManifest.xml:75:17-90
305-->[androidx.work:work-runtime:2.9.0] AndroidManifest.xml:75:25-87
306            </intent-filter>
307        </receiver>
308        <receiver
308-->[androidx.work:work-runtime:2.9.0] AndroidManifest.xml:78:9-88:20
309            android:name="androidx.work.impl.background.systemalarm.ConstraintProxy$BatteryNotLowProxy"
309-->[androidx.work:work-runtime:2.9.0] AndroidManifest.xml:79:13-104
310            android:directBootAware="false"
310-->[androidx.work:work-runtime:2.9.0] AndroidManifest.xml:80:13-44
311            android:enabled="false"
311-->[androidx.work:work-runtime:2.9.0] AndroidManifest.xml:81:13-36
312            android:exported="false" >
312-->[androidx.work:work-runtime:2.9.0] AndroidManifest.xml:82:13-37
313            <intent-filter>
313-->[androidx.work:work-runtime:2.9.0] AndroidManifest.xml:84:13-87:29
314                <action android:name="android.intent.action.BATTERY_OKAY" />
314-->[androidx.work:work-runtime:2.9.0] AndroidManifest.xml:85:17-77
314-->[androidx.work:work-runtime:2.9.0] AndroidManifest.xml:85:25-74
315                <action android:name="android.intent.action.BATTERY_LOW" />
315-->[androidx.work:work-runtime:2.9.0] AndroidManifest.xml:86:17-76
315-->[androidx.work:work-runtime:2.9.0] AndroidManifest.xml:86:25-73
316            </intent-filter>
317        </receiver>
318        <receiver
318-->[androidx.work:work-runtime:2.9.0] AndroidManifest.xml:89:9-99:20
319            android:name="androidx.work.impl.background.systemalarm.ConstraintProxy$StorageNotLowProxy"
319-->[androidx.work:work-runtime:2.9.0] AndroidManifest.xml:90:13-104
320            android:directBootAware="false"
320-->[androidx.work:work-runtime:2.9.0] AndroidManifest.xml:91:13-44
321            android:enabled="false"
321-->[androidx.work:work-runtime:2.9.0] AndroidManifest.xml:92:13-36
322            android:exported="false" >
322-->[androidx.work:work-runtime:2.9.0] AndroidManifest.xml:93:13-37
323            <intent-filter>
323-->[androidx.work:work-runtime:2.9.0] AndroidManifest.xml:95:13-98:29
324                <action android:name="android.intent.action.DEVICE_STORAGE_LOW" />
324-->[androidx.work:work-runtime:2.9.0] AndroidManifest.xml:96:17-83
324-->[androidx.work:work-runtime:2.9.0] AndroidManifest.xml:96:25-80
325                <action android:name="android.intent.action.DEVICE_STORAGE_OK" />
325-->[androidx.work:work-runtime:2.9.0] AndroidManifest.xml:97:17-82
325-->[androidx.work:work-runtime:2.9.0] AndroidManifest.xml:97:25-79
326            </intent-filter>
327        </receiver>
328        <receiver
328-->[androidx.work:work-runtime:2.9.0] AndroidManifest.xml:100:9-109:20
329            android:name="androidx.work.impl.background.systemalarm.ConstraintProxy$NetworkStateProxy"
329-->[androidx.work:work-runtime:2.9.0] AndroidManifest.xml:101:13-103
330            android:directBootAware="false"
330-->[androidx.work:work-runtime:2.9.0] AndroidManifest.xml:102:13-44
331            android:enabled="false"
331-->[androidx.work:work-runtime:2.9.0] AndroidManifest.xml:103:13-36
332            android:exported="false" >
332-->[androidx.work:work-runtime:2.9.0] AndroidManifest.xml:104:13-37
333            <intent-filter>
333-->[androidx.work:work-runtime:2.9.0] AndroidManifest.xml:106:13-108:29
334                <action android:name="android.net.conn.CONNECTIVITY_CHANGE" />
334-->[androidx.work:work-runtime:2.9.0] AndroidManifest.xml:107:17-79